<?xml version="1.0" encoding="UTF-8"?>
<!-- Generated by org.testng.reporters.JUnitReportReporter -->
<testsuite hostname="LTIN391158" failures="1" tests="9" name="CucumberOptions.TestNgRunner" time="0.173" errors="0" timestamp="2025-01-16T19:45:11 IST" skipped="0">
  <testcase classname="CucumberOptions.TestNgRunner" name="runScenario" time="0.067"/>
  <testcase classname="CucumberOptions.TestNgRunner" name="runScenario" time="0.008"/>
  <testcase classname="CucumberOptions.TestNgRunner" name="runScenario" time="0.011"/>
  <testcase classname="CucumberOptions.TestNgRunner" name="runScenario" time="0.032">
    <failure message="expected [true] but found [false]" type="java.lang.AssertionError">
      <![CDATA[java.lang.AssertionError: expected [true] but found [false]
at org.testng.Assert.fail(Assert.java:111)
at org.testng.Assert.failNotEquals(Assert.java:1578)
at org.testng.Assert.assertTrue(Assert.java:57)
at org.testng.Assert.assertTrue(Assert.java:67)
at StepDefinition.MainSteps.user_is_on_practice_landing_page(MainSteps.java:24)
at âœ½.User is on Practice landing page(file:///C:/Users/2162910/OneDrive%20-%20Cognizant/Desktop/Automation/Basic_Automation/src/test/java/features/FirstProgram.feature:42)
]]>
    </failure>
  </testcase> <!-- runScenario -->
  <testcase classname="CucumberOptions.TestNgRunner" name="runScenario" time="0.011"/>
  <testcase classname="CucumberOptions.TestNgRunner" name="runScenario" time="0.009"/>
  <testcase classname="CucumberOptions.TestNgRunner" name="runScenario" time="0.015"/>
  <testcase classname="CucumberOptions.TestNgRunner" name="runScenario" time="0.007"/>
  <testcase classname="CucumberOptions.TestNgRunner" name="runScenario" time="0.013"/>
</testsuite> <!-- CucumberOptions.TestNgRunner -->
